-------------------------------------------------------------------------------
Test set: com.example.ec.web.UserControllerTest
-------------------------------------------------------------------------------
Tests run: 2, Failures: 0, Errors: 2, Skipped: 0, Time elapsed: 1.56 s <<< FAILURE! - in com.example.ec.web.UserControllerTest
getAllUsers(com.example.ec.web.UserControllerTest)  Time elapsed: 0 s  <<< ERROR!
java.lang.IllegalStateException: Failed to load ApplicationContext
Caused by: org.springframework.beans.factory.UnsatisfiedDependencyException: 
Error creating bean with name 'org.springframework.boot.autoconfigure.orm.jpa.HibernateJpaConfiguration': Unsatisfied dependency expressed through constructor parameter 0; nested exception is org.springframework.beans.factory.BeanCreationException: Error creating bean with name 'dataSource' defined in class path resource [org/springframework/boot/autoconfigure/jdbc/DataSourceConfiguration$Hikari.class]: Initialization of bean failed; nested exception is org.springframework.beans.factory.BeanCreationException: Error creating bean with name 'org.springframework.boot.autoconfigure.jdbc.DataSourceInitializerInvoker': Invocation of init method failed; nested exception is org.springframework.jdbc.datasource.init.ScriptStatementFailedException: Failed to execute SQL script statement #1 of URL [file:/D:/exercise/ExploreCaliSecurity/explorecali/target/classes/schema.sql]: CREATE TABLE security_role ( id BIGINT AUTO_INCREMENT PRIMARY KEY, description varchar(100) DEFAULT NULL, role_name varchar(100) DEFAULT NULL ); nested exception is org.h2.jdbc.JdbcSQLSyntaxErrorException: Table "SECURITY_ROLE" already exists; SQL statement:
CREATE TABLE security_role ( id BIGINT AUTO_INCREMENT PRIMARY KEY, description varchar(100) DEFAULT NULL, role_name varchar(100) DEFAULT NULL ) [42101-199]
Caused by: org.springframework.beans.factory.BeanCreationException: 
Error creating bean with name 'dataSource' defined in class path resource [org/springframework/boot/autoconfigure/jdbc/DataSourceConfiguration$Hikari.class]: Initialization of bean failed; nested exception is org.springframework.beans.factory.BeanCreationException: Error creating bean with name 'org.springframework.boot.autoconfigure.jdbc.DataSourceInitializerInvoker': Invocation of init method failed; nested exception is org.springframework.jdbc.datasource.init.ScriptStatementFailedException: Failed to execute SQL script statement #1 of URL [file:/D:/exercise/ExploreCaliSecurity/explorecali/target/classes/schema.sql]: CREATE TABLE security_role ( id BIGINT AUTO_INCREMENT PRIMARY KEY, description varchar(100) DEFAULT NULL, role_name varchar(100) DEFAULT NULL ); nested exception is org.h2.jdbc.JdbcSQLSyntaxErrorException: Table "SECURITY_ROLE" already exists; SQL statement:
CREATE TABLE security_role ( id BIGINT AUTO_INCREMENT PRIMARY KEY, description varchar(100) DEFAULT NULL, role_name varchar(100) DEFAULT NULL ) [42101-199]
Caused by: org.springframework.beans.factory.BeanCreationException: 
Error creating bean with name 'org.springframework.boot.autoconfigure.jdbc.DataSourceInitializerInvoker': Invocation of init method failed; nested exception is org.springframework.jdbc.datasource.init.ScriptStatementFailedException: Failed to execute SQL script statement #1 of URL [file:/D:/exercise/ExploreCaliSecurity/explorecali/target/classes/schema.sql]: CREATE TABLE security_role ( id BIGINT AUTO_INCREMENT PRIMARY KEY, description varchar(100) DEFAULT NULL, role_name varchar(100) DEFAULT NULL ); nested exception is org.h2.jdbc.JdbcSQLSyntaxErrorException: Table "SECURITY_ROLE" already exists; SQL statement:
CREATE TABLE security_role ( id BIGINT AUTO_INCREMENT PRIMARY KEY, description varchar(100) DEFAULT NULL, role_name varchar(100) DEFAULT NULL ) [42101-199]
Caused by: org.springframework.jdbc.datasource.init.ScriptStatementFailedException: 
Failed to execute SQL script statement #1 of URL [file:/D:/exercise/ExploreCaliSecurity/explorecali/target/classes/schema.sql]: CREATE TABLE security_role ( id BIGINT AUTO_INCREMENT PRIMARY KEY, description varchar(100) DEFAULT NULL, role_name varchar(100) DEFAULT NULL ); nested exception is org.h2.jdbc.JdbcSQLSyntaxErrorException: Table "SECURITY_ROLE" already exists; SQL statement:
CREATE TABLE security_role ( id BIGINT AUTO_INCREMENT PRIMARY KEY, description varchar(100) DEFAULT NULL, role_name varchar(100) DEFAULT NULL ) [42101-199]
Caused by: org.h2.jdbc.JdbcSQLSyntaxErrorException: 
Table "SECURITY_ROLE" already exists; SQL statement:
CREATE TABLE security_role ( id BIGINT AUTO_INCREMENT PRIMARY KEY, description varchar(100) DEFAULT NULL, role_name varchar(100) DEFAULT NULL ) [42101-199]

login(com.example.ec.web.UserControllerTest)  Time elapsed: 0 s  <<< ERROR!
java.lang.IllegalStateException: Failed to load ApplicationContext
Caused by: org.springframework.beans.factory.UnsatisfiedDependencyException: 
Error creating bean with name 'org.springframework.boot.autoconfigure.orm.jpa.HibernateJpaConfiguration': Unsatisfied dependency expressed through constructor parameter 0; nested exception is org.springframework.beans.factory.BeanCreationException: Error creating bean with name 'dataSource' defined in class path resource [org/springframework/boot/autoconfigure/jdbc/DataSourceConfiguration$Hikari.class]: Initialization of bean failed; nested exception is org.springframework.beans.factory.BeanCreationException: Error creating bean with name 'org.springframework.boot.autoconfigure.jdbc.DataSourceInitializerInvoker': Invocation of init method failed; nested exception is org.springframework.jdbc.datasource.init.ScriptStatementFailedException: Failed to execute SQL script statement #1 of URL [file:/D:/exercise/ExploreCaliSecurity/explorecali/target/classes/schema.sql]: CREATE TABLE security_role ( id BIGINT AUTO_INCREMENT PRIMARY KEY, description varchar(100) DEFAULT NULL, role_name varchar(100) DEFAULT NULL ); nested exception is org.h2.jdbc.JdbcSQLSyntaxErrorException: Table "SECURITY_ROLE" already exists; SQL statement:
CREATE TABLE security_role ( id BIGINT AUTO_INCREMENT PRIMARY KEY, description varchar(100) DEFAULT NULL, role_name varchar(100) DEFAULT NULL ) [42101-199]
Caused by: org.springframework.beans.factory.BeanCreationException: 
Error creating bean with name 'dataSource' defined in class path resource [org/springframework/boot/autoconfigure/jdbc/DataSourceConfiguration$Hikari.class]: Initialization of bean failed; nested exception is org.springframework.beans.factory.BeanCreationException: Error creating bean with name 'org.springframework.boot.autoconfigure.jdbc.DataSourceInitializerInvoker': Invocation of init method failed; nested exception is org.springframework.jdbc.datasource.init.ScriptStatementFailedException: Failed to execute SQL script statement #1 of URL [file:/D:/exercise/ExploreCaliSecurity/explorecali/target/classes/schema.sql]: CREATE TABLE security_role ( id BIGINT AUTO_INCREMENT PRIMARY KEY, description varchar(100) DEFAULT NULL, role_name varchar(100) DEFAULT NULL ); nested exception is org.h2.jdbc.JdbcSQLSyntaxErrorException: Table "SECURITY_ROLE" already exists; SQL statement:
CREATE TABLE security_role ( id BIGINT AUTO_INCREMENT PRIMARY KEY, description varchar(100) DEFAULT NULL, role_name varchar(100) DEFAULT NULL ) [42101-199]
Caused by: org.springframework.beans.factory.BeanCreationException: 
Error creating bean with name 'org.springframework.boot.autoconfigure.jdbc.DataSourceInitializerInvoker': Invocation of init method failed; nested exception is org.springframework.jdbc.datasource.init.ScriptStatementFailedException: Failed to execute SQL script statement #1 of URL [file:/D:/exercise/ExploreCaliSecurity/explorecali/target/classes/schema.sql]: CREATE TABLE security_role ( id BIGINT AUTO_INCREMENT PRIMARY KEY, description varchar(100) DEFAULT NULL, role_name varchar(100) DEFAULT NULL ); nested exception is org.h2.jdbc.JdbcSQLSyntaxErrorException: Table "SECURITY_ROLE" already exists; SQL statement:
CREATE TABLE security_role ( id BIGINT AUTO_INCREMENT PRIMARY KEY, description varchar(100) DEFAULT NULL, role_name varchar(100) DEFAULT NULL ) [42101-199]
Caused by: org.springframework.jdbc.datasource.init.ScriptStatementFailedException: 
Failed to execute SQL script statement #1 of URL [file:/D:/exercise/ExploreCaliSecurity/explorecali/target/classes/schema.sql]: CREATE TABLE security_role ( id BIGINT AUTO_INCREMENT PRIMARY KEY, description varchar(100) DEFAULT NULL, role_name varchar(100) DEFAULT NULL ); nested exception is org.h2.jdbc.JdbcSQLSyntaxErrorException: Table "SECURITY_ROLE" already exists; SQL statement:
CREATE TABLE security_role ( id BIGINT AUTO_INCREMENT PRIMARY KEY, description varchar(100) DEFAULT NULL, role_name varchar(100) DEFAULT NULL ) [42101-199]
Caused by: org.h2.jdbc.JdbcSQLSyntaxErrorException: 
Table "SECURITY_ROLE" already exists; SQL statement:
CREATE TABLE security_role ( id BIGINT AUTO_INCREMENT PRIMARY KEY, description varchar(100) DEFAULT NULL, role_name varchar(100) DEFAULT NULL ) [42101-199]

